2020-01-12 15:31:26.7396||||OrchardCore.Modules.ModularBackgroundService|ERROR|'ModularBackgroundService' is stopping. 
2020-01-12 15:32:32.9472|Default|0HLSNJPP1UBLD:00000013||Microsoft.AspNetCore.DataProtection.KeyManagement.XmlKeyManager|WARN|No XML encryptor configured. Key {8304511b-f538-448d-8742-6eb743584d99} may be persisted to storage in unencrypted form. 
2020-01-12 15:41:24.5629|Default|0HLSNJPP1UBLE:000000BB||Microsoft.AspNetCore.Diagnostics.DeveloperExceptionPageMiddleware|ERROR|An unhandled exception has occurred while executing the request. Microsoft.AspNetCore.Mvc.Razor.RuntimeCompilation.CompilationFailedException: One or more compilation failures occurred:
C:\Users\burns\Documents\Apps\Projects\headlesscms\Pages\Index.cshtml(22,21): error CS1061: 'ContentItem' does not contain a definition for 'subtitle' and no accessible extension method 'subtitle' accepting a first argument of type 'ContentItem' could be found (are you missing a using directive or an assembly reference?)
   at Microsoft.AspNetCore.Mvc.Razor.RuntimeCompilation.RuntimeViewCompiler.CompileAndEmit(RazorCodeDocument codeDocument, String generatedCode)
   at Microsoft.AspNetCore.Mvc.Razor.RuntimeCompilation.RuntimeViewCompiler.CompileAndEmit(String relativePath)
   at Microsoft.AspNetCore.Mvc.Razor.RuntimeCompilation.RuntimeViewCompiler.OnCacheMiss(String normalizedPath)
--- End of stack trace from previous location where exception was thrown ---
   at Microsoft.AspNetCore.Mvc.RazorPages.Infrastructure.DefaultPageLoader.LoadAsyncCore(PageActionDescriptor actionDescriptor)
   at OrchardCore.Mvc.RazorPages.PageLoaderMatcherPolicy.ApplyAsyncAwaited(CandidateSet candidates, Task`1 actionDescriptorTask, Int32 index) in C:\projects\orchardcore\src\OrchardCore\OrchardCore.Mvc.Core\RazorPages\PageLoaderMatcherPolicy.cs:line 101
   at Microsoft.AspNetCore.Routing.Matching.DfaMatcher.SelectEndpointWithPoliciesAsync(HttpContext httpContext, IEndpointSelectorPolicy[] policies, CandidateSet candidateSet)
   at Microsoft.AspNetCore.Routing.EndpointRoutingMiddleware.<Invoke>g__AwaitMatch|8_1(EndpointRoutingMiddleware middleware, HttpContext httpContext, Task matchTask)
   at OrchardCore.Diagnostics.DiagnosticsStartupFilter.<>c__DisplayClass3_0.<<Configure>b__1>d.MoveNext() in C:\projects\orchardcore\src\OrchardCore.Modules\OrchardCore.Diagnostics\DiagnosticsStartupFilter.cs:line 47
--- End of stack trace from previous location where exception was thrown ---
   at Microsoft.AspNetCore.Diagnostics.StatusCodePagesMiddleware.Invoke(HttpContext context)
   at OrchardCore.Modules.ModularTenantRouterMiddleware.Invoke(HttpContext httpContext) in C:\projects\orchardcore\src\OrchardCore\OrchardCore\Modules\ModularTenantRouterMiddleware.cs:line 83
   at OrchardCore.Environment.Shell.Scope.ShellScope.UsingAsync(Func`2 execute) in C:\projects\orchardcore\src\OrchardCore\OrchardCore.Abstractions\Shell\Scope\ShellScope.cs:line 103
   at OrchardCore.Modules.ModularTenantContainerMiddleware.Invoke(HttpContext httpContext) in C:\projects\orchardcore\src\OrchardCore\OrchardCore\Modules\ModularTenantContainerMiddleware.cs:line 61
   at Microsoft.AspNetCore.Diagnostics.DeveloperExceptionPageMiddleware.Invoke(HttpContext context)    at Microsoft.AspNetCore.Mvc.Razor.RuntimeCompilation.RuntimeViewCompiler.CompileAndEmit(RazorCodeDocument codeDocument, String generatedCode)
   at Microsoft.AspNetCore.Mvc.Razor.RuntimeCompilation.RuntimeViewCompiler.CompileAndEmit(String relativePath)
   at Microsoft.AspNetCore.Mvc.Razor.RuntimeCompilation.RuntimeViewCompiler.OnCacheMiss(String normalizedPath)
--- End of stack trace from previous location where exception was thrown ---
   at Microsoft.AspNetCore.Mvc.RazorPages.Infrastructure.DefaultPageLoader.LoadAsyncCore(PageActionDescriptor actionDescriptor)
   at OrchardCore.Mvc.RazorPages.PageLoaderMatcherPolicy.ApplyAsyncAwaited(CandidateSet candidates, Task`1 actionDescriptorTask, Int32 index) in C:\projects\orchardcore\src\OrchardCore\OrchardCore.Mvc.Core\RazorPages\PageLoaderMatcherPolicy.cs:line 101
   at Microsoft.AspNetCore.Routing.Matching.DfaMatcher.SelectEndpointWithPoliciesAsync(HttpContext httpContext, IEndpointSelectorPolicy[] policies, CandidateSet candidateSet)
   at Microsoft.AspNetCore.Routing.EndpointRoutingMiddleware.<Invoke>g__AwaitMatch|8_1(EndpointRoutingMiddleware middleware, HttpContext httpContext, Task matchTask)
   at OrchardCore.Diagnostics.DiagnosticsStartupFilter.<>c__DisplayClass3_0.<<Configure>b__1>d.MoveNext() in C:\projects\orchardcore\src\OrchardCore.Modules\OrchardCore.Diagnostics\DiagnosticsStartupFilter.cs:line 47
--- End of stack trace from previous location where exception was thrown ---
   at Microsoft.AspNetCore.Diagnostics.StatusCodePagesMiddleware.Invoke(HttpContext context)
   at OrchardCore.Modules.ModularTenantRouterMiddleware.Invoke(HttpContext httpContext) in C:\projects\orchardcore\src\OrchardCore\OrchardCore\Modules\ModularTenantRouterMiddleware.cs:line 83
   at OrchardCore.Environment.Shell.Scope.ShellScope.UsingAsync(Func`2 execute) in C:\projects\orchardcore\src\OrchardCore\OrchardCore.Abstractions\Shell\Scope\ShellScope.cs:line 103
   at OrchardCore.Modules.ModularTenantContainerMiddleware.Invoke(HttpContext httpContext) in C:\projects\orchardcore\src\OrchardCore\OrchardCore\Modules\ModularTenantContainerMiddleware.cs:line 61
   at Microsoft.AspNetCore.Diagnostics.DeveloperExceptionPageMiddleware.Invoke(HttpContext context)
2020-01-12 15:45:04.9669|Default|0HLSNJPP1UBLF:00000067||Microsoft.AspNetCore.Diagnostics.DeveloperExceptionPageMiddleware|ERROR|An unhandled exception has occurred while executing the request. Microsoft.CSharp.RuntimeBinder.RuntimeBinderException: Cannot perform runtime binding on a null reference
   at CallSite.Target(Closure , CallSite , Object )
   at System.Dynamic.UpdateDelegates.UpdateAndExecute1[T0,TRet](CallSite site, T0 arg0)
   at AspNetCore.Pages_Index.ExecuteAsync() in C:\Users\burns\Documents\Apps\Projects\headlesscms\Pages\Index.cshtml:line 22
   at Microsoft.AspNetCore.Mvc.Razor.RazorView.RenderPageCoreAsync(IRazorPage page, ViewContext context)
   at Microsoft.AspNetCore.Mvc.Razor.RazorView.RenderPageAsync(IRazorPage page, ViewContext context, Boolean invokeViewStarts)
   at Microsoft.AspNetCore.Mvc.Razor.RazorView.RenderAsync(ViewContext context)
   at Microsoft.AspNetCore.Mvc.ViewFeatures.ViewExecutor.ExecuteAsync(ViewContext viewContext, String contentType, Nullable`1 statusCode)
   at Microsoft.AspNetCore.Mvc.ViewFeatures.ViewExecutor.ExecuteAsync(ViewContext viewContext, String contentType, Nullable`1 statusCode)
   at Microsoft.AspNetCore.Mvc.Infrastructure.ResourceInvoker.<InvokeNextResultFilterAsync>g__Awaited|29_0[TFilter,TFilterAsync](ResourceInvoker invoker, Task lastTask, State next, Scope scope, Object state, Boolean isCompleted)
   at Microsoft.AspNetCore.Mvc.Infrastructure.ResourceInvoker.Rethrow(ResultExecutedContextSealed context)
   at Microsoft.AspNetCore.Mvc.Infrastructure.ResourceInvoker.ResultNext[TFilter,TFilterAsync](State& next, Scope& scope, Object& state, Boolean& isCompleted)
   at Microsoft.AspNetCore.Mvc.Infrastructure.ResourceInvoker.InvokeResultFilters()
--- End of stack trace from previous location where exception was thrown ---
   at Microsoft.AspNetCore.Mvc.Infrastructure.ResourceInvoker.<InvokeNextResourceFilter>g__Awaited|24_0(ResourceInvoker invoker, Task lastTask, State next, Scope scope, Object state, Boolean isCompleted)
   at Microsoft.AspNetCore.Mvc.Infrastructure.ResourceInvoker.Rethrow(ResourceExecutedContextSealed context)
   at Microsoft.AspNetCore.Mvc.Infrastructure.ResourceInvoker.Next(State& next, Scope& scope, Object& state, Boolean& isCompleted)
   at Microsoft.AspNetCore.Mvc.Infrastructure.ResourceInvoker.InvokeFilterPipelineAsync()
--- End of stack trace from previous location where exception was thrown ---
   at Microsoft.AspNetCore.Mvc.Infrastructure.ResourceInvoker.<InvokeAsync>g__Awaited|17_0(ResourceInvoker invoker, Task task, IDisposable scope)
   at Microsoft.AspNetCore.Routing.EndpointMiddleware.<Invoke>g__AwaitRequestTask|6_0(Endpoint endpoint, Task requestTask, ILogger logger)
   at Microsoft.AspNetCore.Authorization.AuthorizationMiddleware.Invoke(HttpContext context)
   at SixLabors.ImageSharp.Web.Middleware.ImageSharpMiddleware.Invoke(HttpContext context)
   at Microsoft.AspNetCore.Authentication.AuthenticationMiddleware.Invoke(HttpContext context)
   at OrchardCore.Diagnostics.DiagnosticsStartupFilter.<>c__DisplayClass3_0.<<Configure>b__1>d.MoveNext() in C:\projects\orchardcore\src\OrchardCore.Modules\OrchardCore.Diagnostics\DiagnosticsStartupFilter.cs:line 47
--- End of stack trace from previous location where exception was thrown ---
   at Microsoft.AspNetCore.Diagnostics.StatusCodePagesMiddleware.Invoke(HttpContext context)
   at OrchardCore.Modules.ModularTenantRouterMiddleware.Invoke(HttpContext httpContext) in C:\projects\orchardcore\src\OrchardCore\OrchardCore\Modules\ModularTenantRouterMiddleware.cs:line 83
   at OrchardCore.Environment.Shell.Scope.ShellScope.UsingAsync(Func`2 execute) in C:\projects\orchardcore\src\OrchardCore\OrchardCore.Abstractions\Shell\Scope\ShellScope.cs:line 103
   at OrchardCore.Modules.ModularTenantContainerMiddleware.Invoke(HttpContext httpContext) in C:\projects\orchardcore\src\OrchardCore\OrchardCore\Modules\ModularTenantContainerMiddleware.cs:line 61
   at Microsoft.AspNetCore.Diagnostics.DeveloperExceptionPageMiddleware.Invoke(HttpContext context)    at CallSite.Target(Closure , CallSite , Object )
   at System.Dynamic.UpdateDelegates.UpdateAndExecute1[T0,TRet](CallSite site, T0 arg0)
   at AspNetCore.Pages_Index.ExecuteAsync() in C:\Users\burns\Documents\Apps\Projects\headlesscms\Pages\Index.cshtml:line 22
   at Microsoft.AspNetCore.Mvc.Razor.RazorView.RenderPageCoreAsync(IRazorPage page, ViewContext context)
   at Microsoft.AspNetCore.Mvc.Razor.RazorView.RenderPageAsync(IRazorPage page, ViewContext context, Boolean invokeViewStarts)
   at Microsoft.AspNetCore.Mvc.Razor.RazorView.RenderAsync(ViewContext context)
   at Microsoft.AspNetCore.Mvc.ViewFeatures.ViewExecutor.ExecuteAsync(ViewContext viewContext, String contentType, Nullable`1 statusCode)
   at Microsoft.AspNetCore.Mvc.ViewFeatures.ViewExecutor.ExecuteAsync(ViewContext viewContext, String contentType, Nullable`1 statusCode)
   at Microsoft.AspNetCore.Mvc.Infrastructure.ResourceInvoker.<InvokeNextResultFilterAsync>g__Awaited|29_0[TFilter,TFilterAsync](ResourceInvoker invoker, Task lastTask, State next, Scope scope, Object state, Boolean isCompleted)
   at Microsoft.AspNetCore.Mvc.Infrastructure.ResourceInvoker.Rethrow(ResultExecutedContextSealed context)
   at Microsoft.AspNetCore.Mvc.Infrastructure.ResourceInvoker.ResultNext[TFilter,TFilterAsync](State& next, Scope& scope, Object& state, Boolean& isCompleted)
   at Microsoft.AspNetCore.Mvc.Infrastructure.ResourceInvoker.InvokeResultFilters()
--- End of stack trace from previous location where exception was thrown ---
   at Microsoft.AspNetCore.Mvc.Infrastructure.ResourceInvoker.<InvokeNextResourceFilter>g__Awaited|24_0(ResourceInvoker invoker, Task lastTask, State next, Scope scope, Object state, Boolean isCompleted)
   at Microsoft.AspNetCore.Mvc.Infrastructure.ResourceInvoker.Rethrow(ResourceExecutedContextSealed context)
   at Microsoft.AspNetCore.Mvc.Infrastructure.ResourceInvoker.Next(State& next, Scope& scope, Object& state, Boolean& isCompleted)
   at Microsoft.AspNetCore.Mvc.Infrastructure.ResourceInvoker.InvokeFilterPipelineAsync()
--- End of stack trace from previous location where exception was thrown ---
   at Microsoft.AspNetCore.Mvc.Infrastructure.ResourceInvoker.<InvokeAsync>g__Awaited|17_0(ResourceInvoker invoker, Task task, IDisposable scope)
   at Microsoft.AspNetCore.Routing.EndpointMiddleware.<Invoke>g__AwaitRequestTask|6_0(Endpoint endpoint, Task requestTask, ILogger logger)
   at Microsoft.AspNetCore.Authorization.AuthorizationMiddleware.Invoke(HttpContext context)
   at SixLabors.ImageSharp.Web.Middleware.ImageSharpMiddleware.Invoke(HttpContext context)
   at Microsoft.AspNetCore.Authentication.AuthenticationMiddleware.Invoke(HttpContext context)
   at OrchardCore.Diagnostics.DiagnosticsStartupFilter.<>c__DisplayClass3_0.<<Configure>b__1>d.MoveNext() in C:\projects\orchardcore\src\OrchardCore.Modules\OrchardCore.Diagnostics\DiagnosticsStartupFilter.cs:line 47
--- End of stack trace from previous location where exception was thrown ---
   at Microsoft.AspNetCore.Diagnostics.StatusCodePagesMiddleware.Invoke(HttpContext context)
   at OrchardCore.Modules.ModularTenantRouterMiddleware.Invoke(HttpContext httpContext) in C:\projects\orchardcore\src\OrchardCore\OrchardCore\Modules\ModularTenantRouterMiddleware.cs:line 83
   at OrchardCore.Environment.Shell.Scope.ShellScope.UsingAsync(Func`2 execute) in C:\projects\orchardcore\src\OrchardCore\OrchardCore.Abstractions\Shell\Scope\ShellScope.cs:line 103
   at OrchardCore.Modules.ModularTenantContainerMiddleware.Invoke(HttpContext httpContext) in C:\projects\orchardcore\src\OrchardCore\OrchardCore\Modules\ModularTenantContainerMiddleware.cs:line 61
   at Microsoft.AspNetCore.Diagnostics.DeveloperExceptionPageMiddleware.Invoke(HttpContext context)
2020-01-12 15:49:00.7386|Default|0HLSNJPP1UBLF:00000101||Microsoft.AspNetCore.Diagnostics.DeveloperExceptionPageMiddleware|ERROR|An unhandled exception has occurred while executing the request. Microsoft.AspNetCore.Mvc.Razor.RuntimeCompilation.CompilationFailedException: One or more compilation failures occurred:
C:\Users\burns\Documents\Apps\Projects\headlesscms\Pages\Index.cshtml(27,22): error CS1061: 'ContentItem' does not contain a definition for 'CreateUTC' and no accessible extension method 'CreateUTC' accepting a first argument of type 'ContentItem' could be found (are you missing a using directive or an assembly reference?)
   at Microsoft.AspNetCore.Mvc.Razor.RuntimeCompilation.RuntimeViewCompiler.CompileAndEmit(RazorCodeDocument codeDocument, String generatedCode)
   at Microsoft.AspNetCore.Mvc.Razor.RuntimeCompilation.RuntimeViewCompiler.CompileAndEmit(String relativePath)
   at Microsoft.AspNetCore.Mvc.Razor.RuntimeCompilation.RuntimeViewCompiler.OnCacheMiss(String normalizedPath)
--- End of stack trace from previous location where exception was thrown ---
   at Microsoft.AspNetCore.Mvc.RazorPages.Infrastructure.DefaultPageLoader.LoadAsyncCore(PageActionDescriptor actionDescriptor)
   at OrchardCore.Mvc.RazorPages.PageLoaderMatcherPolicy.ApplyAsyncAwaited(CandidateSet candidates, Task`1 actionDescriptorTask, Int32 index) in C:\projects\orchardcore\src\OrchardCore\OrchardCore.Mvc.Core\RazorPages\PageLoaderMatcherPolicy.cs:line 101
   at Microsoft.AspNetCore.Routing.Matching.DfaMatcher.SelectEndpointWithPoliciesAsync(HttpContext httpContext, IEndpointSelectorPolicy[] policies, CandidateSet candidateSet)
   at Microsoft.AspNetCore.Routing.EndpointRoutingMiddleware.<Invoke>g__AwaitMatch|8_1(EndpointRoutingMiddleware middleware, HttpContext httpContext, Task matchTask)
   at OrchardCore.Diagnostics.DiagnosticsStartupFilter.<>c__DisplayClass3_0.<<Configure>b__1>d.MoveNext() in C:\projects\orchardcore\src\OrchardCore.Modules\OrchardCore.Diagnostics\DiagnosticsStartupFilter.cs:line 47
--- End of stack trace from previous location where exception was thrown ---
   at Microsoft.AspNetCore.Diagnostics.StatusCodePagesMiddleware.Invoke(HttpContext context)
   at OrchardCore.Modules.ModularTenantRouterMiddleware.Invoke(HttpContext httpContext) in C:\projects\orchardcore\src\OrchardCore\OrchardCore\Modules\ModularTenantRouterMiddleware.cs:line 83
   at OrchardCore.Environment.Shell.Scope.ShellScope.UsingAsync(Func`2 execute) in C:\projects\orchardcore\src\OrchardCore\OrchardCore.Abstractions\Shell\Scope\ShellScope.cs:line 103
   at OrchardCore.Modules.ModularTenantContainerMiddleware.Invoke(HttpContext httpContext) in C:\projects\orchardcore\src\OrchardCore\OrchardCore\Modules\ModularTenantContainerMiddleware.cs:line 61
   at Microsoft.AspNetCore.Diagnostics.DeveloperExceptionPageMiddleware.Invoke(HttpContext context)    at Microsoft.AspNetCore.Mvc.Razor.RuntimeCompilation.RuntimeViewCompiler.CompileAndEmit(RazorCodeDocument codeDocument, String generatedCode)
   at Microsoft.AspNetCore.Mvc.Razor.RuntimeCompilation.RuntimeViewCompiler.CompileAndEmit(String relativePath)
   at Microsoft.AspNetCore.Mvc.Razor.RuntimeCompilation.RuntimeViewCompiler.OnCacheMiss(String normalizedPath)
--- End of stack trace from previous location where exception was thrown ---
   at Microsoft.AspNetCore.Mvc.RazorPages.Infrastructure.DefaultPageLoader.LoadAsyncCore(PageActionDescriptor actionDescriptor)
   at OrchardCore.Mvc.RazorPages.PageLoaderMatcherPolicy.ApplyAsyncAwaited(CandidateSet candidates, Task`1 actionDescriptorTask, Int32 index) in C:\projects\orchardcore\src\OrchardCore\OrchardCore.Mvc.Core\RazorPages\PageLoaderMatcherPolicy.cs:line 101
   at Microsoft.AspNetCore.Routing.Matching.DfaMatcher.SelectEndpointWithPoliciesAsync(HttpContext httpContext, IEndpointSelectorPolicy[] policies, CandidateSet candidateSet)
   at Microsoft.AspNetCore.Routing.EndpointRoutingMiddleware.<Invoke>g__AwaitMatch|8_1(EndpointRoutingMiddleware middleware, HttpContext httpContext, Task matchTask)
   at OrchardCore.Diagnostics.DiagnosticsStartupFilter.<>c__DisplayClass3_0.<<Configure>b__1>d.MoveNext() in C:\projects\orchardcore\src\OrchardCore.Modules\OrchardCore.Diagnostics\DiagnosticsStartupFilter.cs:line 47
--- End of stack trace from previous location where exception was thrown ---
   at Microsoft.AspNetCore.Diagnostics.StatusCodePagesMiddleware.Invoke(HttpContext context)
   at OrchardCore.Modules.ModularTenantRouterMiddleware.Invoke(HttpContext httpContext) in C:\projects\orchardcore\src\OrchardCore\OrchardCore\Modules\ModularTenantRouterMiddleware.cs:line 83
   at OrchardCore.Environment.Shell.Scope.ShellScope.UsingAsync(Func`2 execute) in C:\projects\orchardcore\src\OrchardCore\OrchardCore.Abstractions\Shell\Scope\ShellScope.cs:line 103
   at OrchardCore.Modules.ModularTenantContainerMiddleware.Invoke(HttpContext httpContext) in C:\projects\orchardcore\src\OrchardCore\OrchardCore\Modules\ModularTenantContainerMiddleware.cs:line 61
   at Microsoft.AspNetCore.Diagnostics.DeveloperExceptionPageMiddleware.Invoke(HttpContext context)
